# JRE version: OpenJDK Runtime Environment (17.0.9) (build 17.0.9+0--11185874)
# Java VM: OpenJDK 64-Bit Server VM (17.0.9+0--11185874, mixed mode, tiered, compressed oops, compressed class ptrs, g1 gc, windows-amd64)
GC Precious Log:
 CPUs: 4 total, 4 available
 Memory: 3790M
 Large Page Support: Disabled
 NUMA Support: Disabled
 Compressed Oops: Enabled (32-bit)
 Heap Region Size: 1M
 Heap Min Capacity: 8M
 Heap Initial Capacity: 60M
 Heap Max Capacity: 948M
 Pre-touch: Disabled
 Parallel Workers: 4
 Concurrent Workers: 1
 Concurrent Refinement Workers: 4
 Periodic GC: Disabled
Heap:
 garbage-first heap   total 37888K, used 18561K [0x00000000c4c00000, 0x0000000100000000)
  region size 1024K, 1 young (1024K), 1 survivors (1024K)
 Metaspace       used 37381K, committed 37568K, reserved 1114112K
  class space    used 4690K, committed 4800K, reserved 1048576K
GC Heap History (17 events):
Event: 2.590 GC heap before
{Heap before GC invocations=0 (full 0):
 garbage-first heap   total 61440K, used 17408K [0x00000000c4c00000, 0x0000000100000000)
  region size 1024K, 13 young (13312K), 0 survivors (0K)
 Metaspace       used 10555K, committed 10752K, reserved 1114112K
  class space    used 913K, committed 1024K, reserved 1048576K
}
Event: 2.637 GC heap after
{Heap after GC invocations=1 (full 0):
 garbage-first heap   total 61440K, used 6208K [0x00000000c4c00000, 0x0000000100000000)
  region size 1024K, 2 young (2048K), 2 survivors (2048K)
 Metaspace       used 10555K, committed 10752K, reserved 1114112K
  class space    used 913K, committed 1024K, reserved 1048576K
}
Event: 4.746 GC heap before
{Heap before GC invocations=1 (full 0):
 garbage-first heap   total 61440K, used 23616K [0x00000000c4c00000, 0x0000000100000000)
  region size 1024K, 19 young (19456K), 2 survivors (2048K)
 Metaspace       used 14739K, committed 14912K, reserved 1114112K
  class space    used 1463K, committed 1536K, reserved 1048576K
}
Event: 4.766 GC heap after
{Heap after GC invocations=2 (full 0):
 garbage-first heap   total 61440K, used 7863K [0x00000000c4c00000, 0x0000000100000000)
  region size 1024K, 2 young (2048K), 2 survivors (2048K)
 Metaspace       used 14739K, committed 14912K, reserved 1114112K
  class space    used 1463K, committed 1536K, reserved 1048576K
}
Event: 10.319 GC heap before
{Heap before GC invocations=2 (full 0):
 garbage-first heap   total 61440K, used 31415K [0x00000000c4c00000, 0x0000000100000000)
  region size 1024K, 26 young (26624K), 2 survivors (2048K)
 Metaspace       used 21336K, committed 21504K, reserved 1114112K
  class space    used 2311K, committed 2432K, reserved 1048576K
}
Event: 10.467 GC heap after
{Heap after GC invocations=3 (full 0):
 garbage-first heap   total 61440K, used 10165K [0x00000000c4c00000, 0x0000000100000000)
  region size 1024K, 4 young (4096K), 4 survivors (4096K)
 Metaspace       used 21336K, committed 21504K, reserved 1114112K
  class space    used 2311K, committed 2432K, reserved 1048576K
}
Event: 11.936 GC heap before
{Heap before GC invocations=4 (full 0):
 garbage-first heap   total 37888K, used 29621K [0x00000000c4c00000, 0x0000000100000000)
  region size 1024K, 24 young (24576K), 4 survivors (4096K)
 Metaspace       used 28186K, committed 28352K, reserved 1114112K
  class space    used 3459K, committed 3520K, reserved 1048576K
}
Event: 11.946 GC heap after
{Heap after GC invocations=5 (full 0):
 garbage-first heap   total 37888K, used 11111K [0x00000000c4c00000, 0x0000000100000000)
  region size 1024K, 4 young (4096K), 4 survivors (4096K)
 Metaspace       used 28186K, committed 28352K, reserved 1114112K
  class space    used 3459K, committed 3520K, reserved 1048576K
}
Event: 12.894 GC heap before
{Heap before GC invocations=5 (full 0):
 garbage-first heap   total 37888K, used 27495K [0x00000000c4c00000, 0x0000000100000000)
  region size 1024K, 20 young (20480K), 4 survivors (4096K)
 Metaspace       used 29929K, committed 30080K, reserved 1114112K
  class space    used 3793K, committed 3840K, reserved 1048576K
}
Event: 12.912 GC heap after
{Heap after GC invocations=6 (full 0):
 garbage-first heap   total 37888K, used 17063K [0x00000000c4c00000, 0x0000000100000000)
  region size 1024K, 3 young (3072K), 3 survivors (3072K)
 Metaspace       used 29929K, committed 30080K, reserved 1114112K
  class space    used 3793K, committed 3840K, reserved 1048576K
}
Event: 13.403 GC heap before
{Heap before GC invocations=6 (full 0):
 garbage-first heap   total 37888K, used 26279K [0x00000000c4c00000, 0x0000000100000000)
  region size 1024K, 13 young (13312K), 3 survivors (3072K)
 Metaspace       used 33191K, committed 33472K, reserved 1114112K
  class space    used 4228K, committed 4352K, reserved 1048576K
}
Event: 13.410 GC heap after
{Heap after GC invocations=7 (full 0):
 garbage-first heap   total 37888K, used 18205K [0x00000000c4c00000, 0x0000000100000000)
  region size 1024K, 1 young (1024K), 1 survivors (1024K)
 Metaspace       used 33191K, committed 33472K, reserved 1114112K
  class space    used 4228K, committed 4352K, reserved 1048576K
}
Event: 13.906 GC heap before
{Heap before GC invocations=7 (full 0):
 garbage-first heap   total 37888K, used 28445K [0x00000000c4c00000, 0x0000000100000000)
  region size 1024K, 11 young (11264K), 1 survivors (1024K)
 Metaspace       used 35090K, committed 35264K, reserved 1114112K
  class space    used 4447K, committed 4544K, reserved 1048576K
}
Event: 13.910 GC heap after
{Heap after GC invocations=8 (full 0):
 garbage-first heap   total 37888K, used 17333K [0x00000000c4c00000, 0x0000000100000000)
  region size 1024K, 2 young (2048K), 2 survivors (2048K)
 Metaspace       used 35090K, committed 35264K, reserved 1114112K
  class space    used 4447K, committed 4544K, reserved 1048576K
}
Event: 14.393 GC heap before
{Heap before GC invocations=9 (full 0):
 garbage-first heap   total 37888K, used 27573K [0x00000000c4c00000, 0x0000000100000000)
  region size 1024K, 13 young (13312K), 2 survivors (2048K)
 Metaspace       used 37146K, committed 37376K, reserved 1114112K
  class space    used 4668K, committed 4800K, reserved 1048576K
}
Event: 14.399 GC heap after
{Heap after GC invocations=10 (full 0):
 garbage-first heap   total 37888K, used 18818K [0x00000000c4c00000, 0x0000000100000000)
  region size 1024K, 2 young (2048K), 2 survivors (2048K)
 Metaspace       used 37146K, committed 37376K, reserved 1114112K
  class space    used 4668K, committed 4800K, reserved 1048576K
}
Event: 14.427 GC heap before
{Heap before GC invocations=10 (full 0):
 garbage-first heap   total 37888K, used 18818K [0x00000000c4c00000, 0x0000000100000000)
  region size 1024K, 3 young (3072K), 2 survivors (2048K)
 Metaspace       used 37381K, committed 37568K, reserved 1114112K
  class space    used 4690K, committed 4800K, reserved 1048576K
}

